                                 Started job on |	Oct 26 18:56:08
                             Started mapping on |	Oct 26 18:56:10
                                    Finished on |	Oct 26 18:56:28
       Mapping speed, Million of reads per hour |	162.48

                          Number of input reads |	812412
                      Average input read length |	165
                                    UNIQUE READS:
                   Uniquely mapped reads number |	700917
                        Uniquely mapped reads % |	86.28%
                          Average mapped length |	155.22
                       Number of splices: Total |	0
            Number of splices: Annotated (sjdb) |	0
                       Number of splices: GT/AG |	0
                       Number of splices: GC/AG |	0
                       Number of splices: AT/AC |	0
               Number of splices: Non-canonical |	0
                      Mismatch rate per base, % |	0.00%
                         Deletion rate per base |	0.01%
                        Deletion average length |	1.33
                        Insertion rate per base |	3.59%
                       Insertion average length |	2.99
                             MULTI-MAPPING READS:
        Number of reads mapped to multiple loci |	2164
             % of reads mapped to multiple loci |	0.27%
        Number of reads mapped to too many loci |	0
             % of reads mapped to too many loci |	0.00%
                                  UNMAPPED READS:
  Number of reads unmapped: too many mismatches |	0
       % of reads unmapped: too many mismatches |	0.00%
            Number of reads unmapped: too short |	109331
                 % of reads unmapped: too short |	13.46%
                Number of reads unmapped: other |	0
                     % of reads unmapped: other |	0.00%
                                  CHIMERIC READS:
                       Number of chimeric reads |	0
                            % of chimeric reads |	0.00%
