                                 Started job on |	Oct 26 12:50:40
                             Started mapping on |	Oct 26 12:50:42
                                    Finished on |	Oct 26 12:51:16
       Mapping speed, Million of reads per hour |	211.21

                          Number of input reads |	1994715
                      Average input read length |	165
                                    UNIQUE READS:
                   Uniquely mapped reads number |	1742405
                        Uniquely mapped reads % |	87.35%
                          Average mapped length |	154.70
                       Number of splices: Total |	0
            Number of splices: Annotated (sjdb) |	0
                       Number of splices: GT/AG |	0
                       Number of splices: GC/AG |	0
                       Number of splices: AT/AC |	0
               Number of splices: Non-canonical |	0
                      Mismatch rate per base, % |	0.00%
                         Deletion rate per base |	0.03%
                        Deletion average length |	1.36
                        Insertion rate per base |	3.62%
                       Insertion average length |	2.98
                             MULTI-MAPPING READS:
        Number of reads mapped to multiple loci |	4696
             % of reads mapped to multiple loci |	0.24%
        Number of reads mapped to too many loci |	0
             % of reads mapped to too many loci |	0.00%
                                  UNMAPPED READS:
  Number of reads unmapped: too many mismatches |	0
       % of reads unmapped: too many mismatches |	0.00%
            Number of reads unmapped: too short |	247612
                 % of reads unmapped: too short |	12.41%
                Number of reads unmapped: other |	2
                     % of reads unmapped: other |	0.00%
                                  CHIMERIC READS:
                       Number of chimeric reads |	0
                            % of chimeric reads |	0.00%
