                                 Started job on |	Oct 26 18:53:18
                             Started mapping on |	Oct 26 18:53:20
                                    Finished on |	Oct 26 18:53:39
       Mapping speed, Million of reads per hour |	207.76

                          Number of input reads |	1096526
                      Average input read length |	165
                                    UNIQUE READS:
                   Uniquely mapped reads number |	951262
                        Uniquely mapped reads % |	86.75%
                          Average mapped length |	155.09
                       Number of splices: Total |	0
            Number of splices: Annotated (sjdb) |	0
                       Number of splices: GT/AG |	0
                       Number of splices: GC/AG |	0
                       Number of splices: AT/AC |	0
               Number of splices: Non-canonical |	0
                      Mismatch rate per base, % |	0.00%
                         Deletion rate per base |	0.03%
                        Deletion average length |	1.39
                        Insertion rate per base |	3.60%
                       Insertion average length |	3.00
                             MULTI-MAPPING READS:
        Number of reads mapped to multiple loci |	2528
             % of reads mapped to multiple loci |	0.23%
        Number of reads mapped to too many loci |	0
             % of reads mapped to too many loci |	0.00%
                                  UNMAPPED READS:
  Number of reads unmapped: too many mismatches |	0
       % of reads unmapped: too many mismatches |	0.00%
            Number of reads unmapped: too short |	142736
                 % of reads unmapped: too short |	13.02%
                Number of reads unmapped: other |	0
                     % of reads unmapped: other |	0.00%
                                  CHIMERIC READS:
                       Number of chimeric reads |	0
                            % of chimeric reads |	0.00%
