                                 Started job on |	Oct 26 20:07:31
                             Started mapping on |	Oct 26 20:07:33
                                    Finished on |	Oct 26 20:08:20
       Mapping speed, Million of reads per hour |	239.57

                          Number of input reads |	3127670
                      Average input read length |	165
                                    UNIQUE READS:
                   Uniquely mapped reads number |	2807017
                        Uniquely mapped reads % |	89.75%
                          Average mapped length |	155.27
                       Number of splices: Total |	0
            Number of splices: Annotated (sjdb) |	0
                       Number of splices: GT/AG |	0
                       Number of splices: GC/AG |	0
                       Number of splices: AT/AC |	0
               Number of splices: Non-canonical |	0
                      Mismatch rate per base, % |	0.00%
                         Deletion rate per base |	0.01%
                        Deletion average length |	1.61
                        Insertion rate per base |	3.59%
                       Insertion average length |	2.99
                             MULTI-MAPPING READS:
        Number of reads mapped to multiple loci |	4746
             % of reads mapped to multiple loci |	0.15%
        Number of reads mapped to too many loci |	0
             % of reads mapped to too many loci |	0.00%
                                  UNMAPPED READS:
  Number of reads unmapped: too many mismatches |	0
       % of reads unmapped: too many mismatches |	0.00%
            Number of reads unmapped: too short |	315907
                 % of reads unmapped: too short |	10.10%
                Number of reads unmapped: other |	0
                     % of reads unmapped: other |	0.00%
                                  CHIMERIC READS:
                       Number of chimeric reads |	0
                            % of chimeric reads |	0.00%
