                                 Started job on |	Oct 26 20:34:06
                             Started mapping on |	Oct 26 20:34:08
                                    Finished on |	Oct 26 20:34:36
       Mapping speed, Million of reads per hour |	215.60

                          Number of input reads |	1676882
                      Average input read length |	165
                                    UNIQUE READS:
                   Uniquely mapped reads number |	1442922
                        Uniquely mapped reads % |	86.05%
                          Average mapped length |	154.73
                       Number of splices: Total |	2
            Number of splices: Annotated (sjdb) |	0
                       Number of splices: GT/AG |	1
                       Number of splices: GC/AG |	0
                       Number of splices: AT/AC |	0
               Number of splices: Non-canonical |	1
                      Mismatch rate per base, % |	0.00%
                         Deletion rate per base |	0.02%
                        Deletion average length |	1.38
                        Insertion rate per base |	3.59%
                       Insertion average length |	2.99
                             MULTI-MAPPING READS:
        Number of reads mapped to multiple loci |	5802
             % of reads mapped to multiple loci |	0.35%
        Number of reads mapped to too many loci |	0
             % of reads mapped to too many loci |	0.00%
                                  UNMAPPED READS:
  Number of reads unmapped: too many mismatches |	0
       % of reads unmapped: too many mismatches |	0.00%
            Number of reads unmapped: too short |	228158
                 % of reads unmapped: too short |	13.61%
                Number of reads unmapped: other |	0
                     % of reads unmapped: other |	0.00%
                                  CHIMERIC READS:
                       Number of chimeric reads |	0
                            % of chimeric reads |	0.00%
