                                 Started job on |	Oct 26 18:57:22
                             Started mapping on |	Oct 26 18:57:25
                                    Finished on |	Oct 26 18:57:44
       Mapping speed, Million of reads per hour |	195.64

                          Number of input reads |	1032540
                      Average input read length |	165
                                    UNIQUE READS:
                   Uniquely mapped reads number |	892028
                        Uniquely mapped reads % |	86.39%
                          Average mapped length |	155.06
                       Number of splices: Total |	0
            Number of splices: Annotated (sjdb) |	0
                       Number of splices: GT/AG |	0
                       Number of splices: GC/AG |	0
                       Number of splices: AT/AC |	0
               Number of splices: Non-canonical |	0
                      Mismatch rate per base, % |	0.00%
                         Deletion rate per base |	0.02%
                        Deletion average length |	1.38
                        Insertion rate per base |	3.61%
                       Insertion average length |	2.99
                             MULTI-MAPPING READS:
        Number of reads mapped to multiple loci |	2017
             % of reads mapped to multiple loci |	0.20%
        Number of reads mapped to too many loci |	0
             % of reads mapped to too many loci |	0.00%
                                  UNMAPPED READS:
  Number of reads unmapped: too many mismatches |	0
       % of reads unmapped: too many mismatches |	0.00%
            Number of reads unmapped: too short |	138495
                 % of reads unmapped: too short |	13.41%
                Number of reads unmapped: other |	0
                     % of reads unmapped: other |	0.00%
                                  CHIMERIC READS:
                       Number of chimeric reads |	0
                            % of chimeric reads |	0.00%
