                                 Started job on |	Oct 26 20:28:39
                             Started mapping on |	Oct 26 20:28:41
                                    Finished on |	Oct 26 20:29:17
       Mapping speed, Million of reads per hour |	206.67

                          Number of input reads |	2066728
                      Average input read length |	165
                                    UNIQUE READS:
                   Uniquely mapped reads number |	1790874
                        Uniquely mapped reads % |	86.65%
                          Average mapped length |	154.81
                       Number of splices: Total |	2
            Number of splices: Annotated (sjdb) |	0
                       Number of splices: GT/AG |	0
                       Number of splices: GC/AG |	0
                       Number of splices: AT/AC |	0
               Number of splices: Non-canonical |	2
                      Mismatch rate per base, % |	0.00%
                         Deletion rate per base |	0.03%
                        Deletion average length |	1.41
                        Insertion rate per base |	3.60%
                       Insertion average length |	2.99
                             MULTI-MAPPING READS:
        Number of reads mapped to multiple loci |	4197
             % of reads mapped to multiple loci |	0.20%
        Number of reads mapped to too many loci |	0
             % of reads mapped to too many loci |	0.00%
                                  UNMAPPED READS:
  Number of reads unmapped: too many mismatches |	0
       % of reads unmapped: too many mismatches |	0.00%
            Number of reads unmapped: too short |	271657
                 % of reads unmapped: too short |	13.14%
                Number of reads unmapped: other |	0
                     % of reads unmapped: other |	0.00%
                                  CHIMERIC READS:
                       Number of chimeric reads |	0
                            % of chimeric reads |	0.00%
