                                 Started job on |	Oct 26 20:48:33
                             Started mapping on |	Oct 26 20:48:35
                                    Finished on |	Oct 26 20:48:56
       Mapping speed, Million of reads per hour |	199.92

                          Number of input reads |	1166225
                      Average input read length |	165
                                    UNIQUE READS:
                   Uniquely mapped reads number |	1028262
                        Uniquely mapped reads % |	88.17%
                          Average mapped length |	155.36
                       Number of splices: Total |	0
            Number of splices: Annotated (sjdb) |	0
                       Number of splices: GT/AG |	0
                       Number of splices: GC/AG |	0
                       Number of splices: AT/AC |	0
               Number of splices: Non-canonical |	0
                      Mismatch rate per base, % |	0.00%
                         Deletion rate per base |	0.01%
                        Deletion average length |	1.58
                        Insertion rate per base |	3.59%
                       Insertion average length |	2.99
                             MULTI-MAPPING READS:
        Number of reads mapped to multiple loci |	2241
             % of reads mapped to multiple loci |	0.19%
        Number of reads mapped to too many loci |	0
             % of reads mapped to too many loci |	0.00%
                                  UNMAPPED READS:
  Number of reads unmapped: too many mismatches |	0
       % of reads unmapped: too many mismatches |	0.00%
            Number of reads unmapped: too short |	135721
                 % of reads unmapped: too short |	11.64%
                Number of reads unmapped: other |	1
                     % of reads unmapped: other |	0.00%
                                  CHIMERIC READS:
                       Number of chimeric reads |	0
                            % of chimeric reads |	0.00%
