                                 Started job on |	Oct 26 20:52:38
                             Started mapping on |	Oct 26 20:52:40
                                    Finished on |	Oct 26 20:52:58
       Mapping speed, Million of reads per hour |	157.68

                          Number of input reads |	788391
                      Average input read length |	165
                                    UNIQUE READS:
                   Uniquely mapped reads number |	683589
                        Uniquely mapped reads % |	86.71%
                          Average mapped length |	155.38
                       Number of splices: Total |	0
            Number of splices: Annotated (sjdb) |	0
                       Number of splices: GT/AG |	0
                       Number of splices: GC/AG |	0
                       Number of splices: AT/AC |	0
               Number of splices: Non-canonical |	0
                      Mismatch rate per base, % |	0.00%
                         Deletion rate per base |	0.01%
                        Deletion average length |	1.32
                        Insertion rate per base |	3.60%
                       Insertion average length |	2.99
                             MULTI-MAPPING READS:
        Number of reads mapped to multiple loci |	2190
             % of reads mapped to multiple loci |	0.28%
        Number of reads mapped to too many loci |	0
             % of reads mapped to too many loci |	0.00%
                                  UNMAPPED READS:
  Number of reads unmapped: too many mismatches |	0
       % of reads unmapped: too many mismatches |	0.00%
            Number of reads unmapped: too short |	102612
                 % of reads unmapped: too short |	13.02%
                Number of reads unmapped: other |	0
                     % of reads unmapped: other |	0.00%
                                  CHIMERIC READS:
                       Number of chimeric reads |	0
                            % of chimeric reads |	0.00%
