                                 Started job on |	Oct 26 18:01:36
                             Started mapping on |	Oct 26 18:01:39
                                    Finished on |	Oct 26 18:02:13
       Mapping speed, Million of reads per hour |	204.00

                          Number of input reads |	1926672
                      Average input read length |	165
                                    UNIQUE READS:
                   Uniquely mapped reads number |	1668207
                        Uniquely mapped reads % |	86.58%
                          Average mapped length |	154.91
                       Number of splices: Total |	0
            Number of splices: Annotated (sjdb) |	0
                       Number of splices: GT/AG |	0
                       Number of splices: GC/AG |	0
                       Number of splices: AT/AC |	0
               Number of splices: Non-canonical |	0
                      Mismatch rate per base, % |	0.00%
                         Deletion rate per base |	0.03%
                        Deletion average length |	1.53
                        Insertion rate per base |	3.61%
                       Insertion average length |	2.99
                             MULTI-MAPPING READS:
        Number of reads mapped to multiple loci |	3877
             % of reads mapped to multiple loci |	0.20%
        Number of reads mapped to too many loci |	0
             % of reads mapped to too many loci |	0.00%
                                  UNMAPPED READS:
  Number of reads unmapped: too many mismatches |	0
       % of reads unmapped: too many mismatches |	0.00%
            Number of reads unmapped: too short |	254587
                 % of reads unmapped: too short |	13.21%
                Number of reads unmapped: other |	1
                     % of reads unmapped: other |	0.00%
                                  CHIMERIC READS:
                       Number of chimeric reads |	0
                            % of chimeric reads |	0.00%
