                                 Started job on |	Oct 26 19:14:25
                             Started mapping on |	Oct 26 19:14:27
                                    Finished on |	Oct 26 19:15:01
       Mapping speed, Million of reads per hour |	227.14

                          Number of input reads |	2145244
                      Average input read length |	165
                                    UNIQUE READS:
                   Uniquely mapped reads number |	1917040
                        Uniquely mapped reads % |	89.36%
                          Average mapped length |	155.57
                       Number of splices: Total |	0
            Number of splices: Annotated (sjdb) |	0
                       Number of splices: GT/AG |	0
                       Number of splices: GC/AG |	0
                       Number of splices: AT/AC |	0
               Number of splices: Non-canonical |	0
                      Mismatch rate per base, % |	0.00%
                         Deletion rate per base |	0.04%
                        Deletion average length |	1.45
                        Insertion rate per base |	3.61%
                       Insertion average length |	3.00
                             MULTI-MAPPING READS:
        Number of reads mapped to multiple loci |	4701
             % of reads mapped to multiple loci |	0.22%
        Number of reads mapped to too many loci |	0
             % of reads mapped to too many loci |	0.00%
                                  UNMAPPED READS:
  Number of reads unmapped: too many mismatches |	0
       % of reads unmapped: too many mismatches |	0.00%
            Number of reads unmapped: too short |	223503
                 % of reads unmapped: too short |	10.42%
                Number of reads unmapped: other |	0
                     % of reads unmapped: other |	0.00%
                                  CHIMERIC READS:
                       Number of chimeric reads |	0
                            % of chimeric reads |	0.00%
