                                 Started job on |	Oct 26 12:20:52
                             Started mapping on |	Oct 26 12:20:54
                                    Finished on |	Oct 26 12:21:20
       Mapping speed, Million of reads per hour |	228.18

                          Number of input reads |	1647994
                      Average input read length |	165
                                    UNIQUE READS:
                   Uniquely mapped reads number |	1483123
                        Uniquely mapped reads % |	90.00%
                          Average mapped length |	155.91
                       Number of splices: Total |	0
            Number of splices: Annotated (sjdb) |	0
                       Number of splices: GT/AG |	0
                       Number of splices: GC/AG |	0
                       Number of splices: AT/AC |	0
               Number of splices: Non-canonical |	0
                      Mismatch rate per base, % |	0.00%
                         Deletion rate per base |	0.00%
                        Deletion average length |	1.28
                        Insertion rate per base |	3.61%
                       Insertion average length |	3.00
                             MULTI-MAPPING READS:
        Number of reads mapped to multiple loci |	1960
             % of reads mapped to multiple loci |	0.12%
        Number of reads mapped to too many loci |	0
             % of reads mapped to too many loci |	0.00%
                                  UNMAPPED READS:
  Number of reads unmapped: too many mismatches |	0
       % of reads unmapped: too many mismatches |	0.00%
            Number of reads unmapped: too short |	162911
                 % of reads unmapped: too short |	9.89%
                Number of reads unmapped: other |	0
                     % of reads unmapped: other |	0.00%
                                  CHIMERIC READS:
                       Number of chimeric reads |	0
                            % of chimeric reads |	0.00%
