                                 Started job on |	Oct 26 18:28:34
                             Started mapping on |	Oct 26 18:28:37
                                    Finished on |	Oct 26 18:29:12
       Mapping speed, Million of reads per hour |	201.20

                          Number of input reads |	1956068
                      Average input read length |	165
                                    UNIQUE READS:
                   Uniquely mapped reads number |	1702301
                        Uniquely mapped reads % |	87.03%
                          Average mapped length |	155.01
                       Number of splices: Total |	0
            Number of splices: Annotated (sjdb) |	0
                       Number of splices: GT/AG |	0
                       Number of splices: GC/AG |	0
                       Number of splices: AT/AC |	0
               Number of splices: Non-canonical |	0
                      Mismatch rate per base, % |	0.00%
                         Deletion rate per base |	0.03%
                        Deletion average length |	1.42
                        Insertion rate per base |	3.60%
                       Insertion average length |	2.99
                             MULTI-MAPPING READS:
        Number of reads mapped to multiple loci |	4033
             % of reads mapped to multiple loci |	0.21%
        Number of reads mapped to too many loci |	0
             % of reads mapped to too many loci |	0.00%
                                  UNMAPPED READS:
  Number of reads unmapped: too many mismatches |	0
       % of reads unmapped: too many mismatches |	0.00%
            Number of reads unmapped: too short |	249734
                 % of reads unmapped: too short |	12.77%
                Number of reads unmapped: other |	0
                     % of reads unmapped: other |	0.00%
                                  CHIMERIC READS:
                       Number of chimeric reads |	0
                            % of chimeric reads |	0.00%
