                                 Started job on |	Oct 26 11:49:51
                             Started mapping on |	Oct 26 11:49:53
                                    Finished on |	Oct 26 11:50:26
       Mapping speed, Million of reads per hour |	199.75

                          Number of input reads |	1831025
                      Average input read length |	165
                                    UNIQUE READS:
                   Uniquely mapped reads number |	1631085
                        Uniquely mapped reads % |	89.08%
                          Average mapped length |	155.50
                       Number of splices: Total |	0
            Number of splices: Annotated (sjdb) |	0
                       Number of splices: GT/AG |	0
                       Number of splices: GC/AG |	0
                       Number of splices: AT/AC |	0
               Number of splices: Non-canonical |	0
                      Mismatch rate per base, % |	0.00%
                         Deletion rate per base |	0.04%
                        Deletion average length |	1.46
                        Insertion rate per base |	3.60%
                       Insertion average length |	2.99
                             MULTI-MAPPING READS:
        Number of reads mapped to multiple loci |	4213
             % of reads mapped to multiple loci |	0.23%
        Number of reads mapped to too many loci |	0
             % of reads mapped to too many loci |	0.00%
                                  UNMAPPED READS:
  Number of reads unmapped: too many mismatches |	0
       % of reads unmapped: too many mismatches |	0.00%
            Number of reads unmapped: too short |	195727
                 % of reads unmapped: too short |	10.69%
                Number of reads unmapped: other |	0
                     % of reads unmapped: other |	0.00%
                                  CHIMERIC READS:
                       Number of chimeric reads |	0
                            % of chimeric reads |	0.00%
