                                 Started job on |	Oct 26 20:36:16
                             Started mapping on |	Oct 26 20:36:18
                                    Finished on |	Oct 26 20:36:53
       Mapping speed, Million of reads per hour |	202.22

                          Number of input reads |	1966047
                      Average input read length |	165
                                    UNIQUE READS:
                   Uniquely mapped reads number |	1711246
                        Uniquely mapped reads % |	87.04%
                          Average mapped length |	154.59
                       Number of splices: Total |	1
            Number of splices: Annotated (sjdb) |	0
                       Number of splices: GT/AG |	0
                       Number of splices: GC/AG |	0
                       Number of splices: AT/AC |	0
               Number of splices: Non-canonical |	1
                      Mismatch rate per base, % |	0.00%
                         Deletion rate per base |	0.03%
                        Deletion average length |	1.40
                        Insertion rate per base |	3.61%
                       Insertion average length |	2.99
                             MULTI-MAPPING READS:
        Number of reads mapped to multiple loci |	4785
             % of reads mapped to multiple loci |	0.24%
        Number of reads mapped to too many loci |	0
             % of reads mapped to too many loci |	0.00%
                                  UNMAPPED READS:
  Number of reads unmapped: too many mismatches |	0
       % of reads unmapped: too many mismatches |	0.00%
            Number of reads unmapped: too short |	250016
                 % of reads unmapped: too short |	12.72%
                Number of reads unmapped: other |	0
                     % of reads unmapped: other |	0.00%
                                  CHIMERIC READS:
                       Number of chimeric reads |	0
                            % of chimeric reads |	0.00%
