                                 Started job on |	Oct 26 11:33:39
                             Started mapping on |	Oct 26 11:33:41
                                    Finished on |	Oct 26 11:34:09
       Mapping speed, Million of reads per hour |	182.29

                          Number of input reads |	1417800
                      Average input read length |	165
                                    UNIQUE READS:
                   Uniquely mapped reads number |	1192053
                        Uniquely mapped reads % |	84.08%
                          Average mapped length |	154.32
                       Number of splices: Total |	1
            Number of splices: Annotated (sjdb) |	0
                       Number of splices: GT/AG |	0
                       Number of splices: GC/AG |	0
                       Number of splices: AT/AC |	0
               Number of splices: Non-canonical |	1
                      Mismatch rate per base, % |	0.00%
                         Deletion rate per base |	0.04%
                        Deletion average length |	1.28
                        Insertion rate per base |	3.61%
                       Insertion average length |	2.97
                             MULTI-MAPPING READS:
        Number of reads mapped to multiple loci |	4128
             % of reads mapped to multiple loci |	0.29%
        Number of reads mapped to too many loci |	0
             % of reads mapped to too many loci |	0.00%
                                  UNMAPPED READS:
  Number of reads unmapped: too many mismatches |	0
       % of reads unmapped: too many mismatches |	0.00%
            Number of reads unmapped: too short |	221619
                 % of reads unmapped: too short |	15.63%
                Number of reads unmapped: other |	0
                     % of reads unmapped: other |	0.00%
                                  CHIMERIC READS:
                       Number of chimeric reads |	0
                            % of chimeric reads |	0.00%
