                                 Started job on |	Oct 26 18:54:58
                             Started mapping on |	Oct 26 18:55:01
                                    Finished on |	Oct 26 18:55:28
       Mapping speed, Million of reads per hour |	217.65

                          Number of input reads |	1632389
                      Average input read length |	165
                                    UNIQUE READS:
                   Uniquely mapped reads number |	1408129
                        Uniquely mapped reads % |	86.26%
                          Average mapped length |	155.18
                       Number of splices: Total |	0
            Number of splices: Annotated (sjdb) |	0
                       Number of splices: GT/AG |	0
                       Number of splices: GC/AG |	0
                       Number of splices: AT/AC |	0
               Number of splices: Non-canonical |	0
                      Mismatch rate per base, % |	0.00%
                         Deletion rate per base |	0.02%
                        Deletion average length |	1.39
                        Insertion rate per base |	3.61%
                       Insertion average length |	3.00
                             MULTI-MAPPING READS:
        Number of reads mapped to multiple loci |	2941
             % of reads mapped to multiple loci |	0.18%
        Number of reads mapped to too many loci |	0
             % of reads mapped to too many loci |	0.00%
                                  UNMAPPED READS:
  Number of reads unmapped: too many mismatches |	0
       % of reads unmapped: too many mismatches |	0.00%
            Number of reads unmapped: too short |	221319
                 % of reads unmapped: too short |	13.56%
                Number of reads unmapped: other |	0
                     % of reads unmapped: other |	0.00%
                                  CHIMERIC READS:
                       Number of chimeric reads |	0
                            % of chimeric reads |	0.00%
