                                 Started job on |	Oct 26 20:26:15
                             Started mapping on |	Oct 26 20:26:17
                                    Finished on |	Oct 26 20:26:54
       Mapping speed, Million of reads per hour |	218.85

                          Number of input reads |	2249251
                      Average input read length |	165
                                    UNIQUE READS:
                   Uniquely mapped reads number |	1973521
                        Uniquely mapped reads % |	87.74%
                          Average mapped length |	155.20
                       Number of splices: Total |	0
            Number of splices: Annotated (sjdb) |	0
                       Number of splices: GT/AG |	0
                       Number of splices: GC/AG |	0
                       Number of splices: AT/AC |	0
               Number of splices: Non-canonical |	0
                      Mismatch rate per base, % |	0.00%
                         Deletion rate per base |	0.02%
                        Deletion average length |	1.87
                        Insertion rate per base |	3.62%
                       Insertion average length |	2.99
                             MULTI-MAPPING READS:
        Number of reads mapped to multiple loci |	4242
             % of reads mapped to multiple loci |	0.19%
        Number of reads mapped to too many loci |	0
             % of reads mapped to too many loci |	0.00%
                                  UNMAPPED READS:
  Number of reads unmapped: too many mismatches |	0
       % of reads unmapped: too many mismatches |	0.00%
            Number of reads unmapped: too short |	271487
                 % of reads unmapped: too short |	12.07%
                Number of reads unmapped: other |	1
                     % of reads unmapped: other |	0.00%
                                  CHIMERIC READS:
                       Number of chimeric reads |	0
                            % of chimeric reads |	0.00%
