                                 Started job on |	Oct 26 18:35:51
                             Started mapping on |	Oct 26 18:35:54
                                    Finished on |	Oct 26 18:36:28
       Mapping speed, Million of reads per hour |	203.96

                          Number of input reads |	1926320
                      Average input read length |	165
                                    UNIQUE READS:
                   Uniquely mapped reads number |	1685510
                        Uniquely mapped reads % |	87.50%
                          Average mapped length |	154.83
                       Number of splices: Total |	0
            Number of splices: Annotated (sjdb) |	0
                       Number of splices: GT/AG |	0
                       Number of splices: GC/AG |	0
                       Number of splices: AT/AC |	0
               Number of splices: Non-canonical |	0
                      Mismatch rate per base, % |	0.00%
                         Deletion rate per base |	0.03%
                        Deletion average length |	1.39
                        Insertion rate per base |	3.61%
                       Insertion average length |	2.99
                             MULTI-MAPPING READS:
        Number of reads mapped to multiple loci |	4560
             % of reads mapped to multiple loci |	0.24%
        Number of reads mapped to too many loci |	0
             % of reads mapped to too many loci |	0.00%
                                  UNMAPPED READS:
  Number of reads unmapped: too many mismatches |	0
       % of reads unmapped: too many mismatches |	0.00%
            Number of reads unmapped: too short |	236250
                 % of reads unmapped: too short |	12.26%
                Number of reads unmapped: other |	0
                     % of reads unmapped: other |	0.00%
                                  CHIMERIC READS:
                       Number of chimeric reads |	0
                            % of chimeric reads |	0.00%
