                                 Started job on |	Oct 26 18:33:47
                             Started mapping on |	Oct 26 18:33:49
                                    Finished on |	Oct 26 18:34:16
       Mapping speed, Million of reads per hour |	212.66

                          Number of input reads |	1594942
                      Average input read length |	165
                                    UNIQUE READS:
                   Uniquely mapped reads number |	1378803
                        Uniquely mapped reads % |	86.45%
                          Average mapped length |	154.96
                       Number of splices: Total |	0
            Number of splices: Annotated (sjdb) |	0
                       Number of splices: GT/AG |	0
                       Number of splices: GC/AG |	0
                       Number of splices: AT/AC |	0
               Number of splices: Non-canonical |	0
                      Mismatch rate per base, % |	0.00%
                         Deletion rate per base |	0.01%
                        Deletion average length |	1.43
                        Insertion rate per base |	3.59%
                       Insertion average length |	2.99
                             MULTI-MAPPING READS:
        Number of reads mapped to multiple loci |	5310
             % of reads mapped to multiple loci |	0.33%
        Number of reads mapped to too many loci |	0
             % of reads mapped to too many loci |	0.00%
                                  UNMAPPED READS:
  Number of reads unmapped: too many mismatches |	0
       % of reads unmapped: too many mismatches |	0.00%
            Number of reads unmapped: too short |	210829
                 % of reads unmapped: too short |	13.22%
                Number of reads unmapped: other |	0
                     % of reads unmapped: other |	0.00%
                                  CHIMERIC READS:
                       Number of chimeric reads |	0
                            % of chimeric reads |	0.00%
