                                 Started job on |	Oct 26 20:51:30
                             Started mapping on |	Oct 26 20:51:32
                                    Finished on |	Oct 26 20:51:59
       Mapping speed, Million of reads per hour |	206.46

                          Number of input reads |	1548460
                      Average input read length |	165
                                    UNIQUE READS:
                   Uniquely mapped reads number |	1340181
                        Uniquely mapped reads % |	86.55%
                          Average mapped length |	155.29
                       Number of splices: Total |	0
            Number of splices: Annotated (sjdb) |	0
                       Number of splices: GT/AG |	0
                       Number of splices: GC/AG |	0
                       Number of splices: AT/AC |	0
               Number of splices: Non-canonical |	0
                      Mismatch rate per base, % |	0.00%
                         Deletion rate per base |	0.02%
                        Deletion average length |	1.44
                        Insertion rate per base |	3.61%
                       Insertion average length |	2.99
                             MULTI-MAPPING READS:
        Number of reads mapped to multiple loci |	2795
             % of reads mapped to multiple loci |	0.18%
        Number of reads mapped to too many loci |	0
             % of reads mapped to too many loci |	0.00%
                                  UNMAPPED READS:
  Number of reads unmapped: too many mismatches |	0
       % of reads unmapped: too many mismatches |	0.00%
            Number of reads unmapped: too short |	205484
                 % of reads unmapped: too short |	13.27%
                Number of reads unmapped: other |	0
                     % of reads unmapped: other |	0.00%
                                  CHIMERIC READS:
                       Number of chimeric reads |	0
                            % of chimeric reads |	0.00%
