                                 Started job on |	Oct 26 12:40:45
                             Started mapping on |	Oct 26 12:40:47
                                    Finished on |	Oct 26 12:41:23
       Mapping speed, Million of reads per hour |	223.31

                          Number of input reads |	2233083
                      Average input read length |	165
                                    UNIQUE READS:
                   Uniquely mapped reads number |	1970127
                        Uniquely mapped reads % |	88.22%
                          Average mapped length |	155.28
                       Number of splices: Total |	0
            Number of splices: Annotated (sjdb) |	0
                       Number of splices: GT/AG |	0
                       Number of splices: GC/AG |	0
                       Number of splices: AT/AC |	0
               Number of splices: Non-canonical |	0
                      Mismatch rate per base, % |	0.00%
                         Deletion rate per base |	0.02%
                        Deletion average length |	1.83
                        Insertion rate per base |	3.63%
                       Insertion average length |	2.99
                             MULTI-MAPPING READS:
        Number of reads mapped to multiple loci |	4335
             % of reads mapped to multiple loci |	0.19%
        Number of reads mapped to too many loci |	0
             % of reads mapped to too many loci |	0.00%
                                  UNMAPPED READS:
  Number of reads unmapped: too many mismatches |	0
       % of reads unmapped: too many mismatches |	0.00%
            Number of reads unmapped: too short |	258621
                 % of reads unmapped: too short |	11.58%
                Number of reads unmapped: other |	0
                     % of reads unmapped: other |	0.00%
                                  CHIMERIC READS:
                       Number of chimeric reads |	0
                            % of chimeric reads |	0.00%
