                                 Started job on |	Oct 26 17:59:20
                             Started mapping on |	Oct 26 17:59:23
                                    Finished on |	Oct 26 17:59:57
       Mapping speed, Million of reads per hour |	223.52

                          Number of input reads |	2111054
                      Average input read length |	165
                                    UNIQUE READS:
                   Uniquely mapped reads number |	1859292
                        Uniquely mapped reads % |	88.07%
                          Average mapped length |	155.32
                       Number of splices: Total |	1
            Number of splices: Annotated (sjdb) |	0
                       Number of splices: GT/AG |	0
                       Number of splices: GC/AG |	0
                       Number of splices: AT/AC |	0
               Number of splices: Non-canonical |	1
                      Mismatch rate per base, % |	0.00%
                         Deletion rate per base |	0.02%
                        Deletion average length |	1.90
                        Insertion rate per base |	3.63%
                       Insertion average length |	2.99
                             MULTI-MAPPING READS:
        Number of reads mapped to multiple loci |	3745
             % of reads mapped to multiple loci |	0.18%
        Number of reads mapped to too many loci |	0
             % of reads mapped to too many loci |	0.00%
                                  UNMAPPED READS:
  Number of reads unmapped: too many mismatches |	0
       % of reads unmapped: too many mismatches |	0.00%
            Number of reads unmapped: too short |	248017
                 % of reads unmapped: too short |	11.75%
                Number of reads unmapped: other |	0
                     % of reads unmapped: other |	0.00%
                                  CHIMERIC READS:
                       Number of chimeric reads |	0
                            % of chimeric reads |	0.00%
