                                 Started job on |	Oct 26 19:17:32
                             Started mapping on |	Oct 26 19:17:34
                                    Finished on |	Oct 26 19:18:25
       Mapping speed, Million of reads per hour |	234.06

                          Number of input reads |	3315802
                      Average input read length |	165
                                    UNIQUE READS:
                   Uniquely mapped reads number |	2950345
                        Uniquely mapped reads % |	88.98%
                          Average mapped length |	155.34
                       Number of splices: Total |	0
            Number of splices: Annotated (sjdb) |	0
                       Number of splices: GT/AG |	0
                       Number of splices: GC/AG |	0
                       Number of splices: AT/AC |	0
               Number of splices: Non-canonical |	0
                      Mismatch rate per base, % |	0.00%
                         Deletion rate per base |	0.01%
                        Deletion average length |	1.43
                        Insertion rate per base |	3.61%
                       Insertion average length |	3.00
                             MULTI-MAPPING READS:
        Number of reads mapped to multiple loci |	5568
             % of reads mapped to multiple loci |	0.17%
        Number of reads mapped to too many loci |	0
             % of reads mapped to too many loci |	0.00%
                                  UNMAPPED READS:
  Number of reads unmapped: too many mismatches |	0
       % of reads unmapped: too many mismatches |	0.00%
            Number of reads unmapped: too short |	359889
                 % of reads unmapped: too short |	10.85%
                Number of reads unmapped: other |	0
                     % of reads unmapped: other |	0.00%
                                  CHIMERIC READS:
                       Number of chimeric reads |	0
                            % of chimeric reads |	0.00%
