                                 Started job on |	Oct 26 20:04:36
                             Started mapping on |	Oct 26 20:04:38
                                    Finished on |	Oct 26 20:05:11
       Mapping speed, Million of reads per hour |	240.66

                          Number of input reads |	2206029
                      Average input read length |	165
                                    UNIQUE READS:
                   Uniquely mapped reads number |	2002431
                        Uniquely mapped reads % |	90.77%
                          Average mapped length |	156.07
                       Number of splices: Total |	0
            Number of splices: Annotated (sjdb) |	0
                       Number of splices: GT/AG |	0
                       Number of splices: GC/AG |	0
                       Number of splices: AT/AC |	0
               Number of splices: Non-canonical |	0
                      Mismatch rate per base, % |	0.00%
                         Deletion rate per base |	0.03%
                        Deletion average length |	1.44
                        Insertion rate per base |	3.62%
                       Insertion average length |	2.99
                             MULTI-MAPPING READS:
        Number of reads mapped to multiple loci |	4116
             % of reads mapped to multiple loci |	0.19%
        Number of reads mapped to too many loci |	0
             % of reads mapped to too many loci |	0.00%
                                  UNMAPPED READS:
  Number of reads unmapped: too many mismatches |	0
       % of reads unmapped: too many mismatches |	0.00%
            Number of reads unmapped: too short |	199482
                 % of reads unmapped: too short |	9.04%
                Number of reads unmapped: other |	0
                     % of reads unmapped: other |	0.00%
                                  CHIMERIC READS:
                       Number of chimeric reads |	0
                            % of chimeric reads |	0.00%
