                                 Started job on |	Oct 26 11:28:14
                             Started mapping on |	Oct 26 11:28:17
                                    Finished on |	Oct 26 11:28:47
       Mapping speed, Million of reads per hour |	202.32

                          Number of input reads |	1685976
                      Average input read length |	165
                                    UNIQUE READS:
                   Uniquely mapped reads number |	1419001
                        Uniquely mapped reads % |	84.16%
                          Average mapped length |	154.28
                       Number of splices: Total |	0
            Number of splices: Annotated (sjdb) |	0
                       Number of splices: GT/AG |	0
                       Number of splices: GC/AG |	0
                       Number of splices: AT/AC |	0
               Number of splices: Non-canonical |	0
                      Mismatch rate per base, % |	0.00%
                         Deletion rate per base |	0.05%
                        Deletion average length |	1.35
                        Insertion rate per base |	3.61%
                       Insertion average length |	2.98
                             MULTI-MAPPING READS:
        Number of reads mapped to multiple loci |	3836
             % of reads mapped to multiple loci |	0.23%
        Number of reads mapped to too many loci |	0
             % of reads mapped to too many loci |	0.00%
                                  UNMAPPED READS:
  Number of reads unmapped: too many mismatches |	0
       % of reads unmapped: too many mismatches |	0.00%
            Number of reads unmapped: too short |	263139
                 % of reads unmapped: too short |	15.61%
                Number of reads unmapped: other |	0
                     % of reads unmapped: other |	0.00%
                                  CHIMERIC READS:
                       Number of chimeric reads |	0
                            % of chimeric reads |	0.00%
