                                 Started job on |	Oct 26 11:55:59
                             Started mapping on |	Oct 26 11:56:01
                                    Finished on |	Oct 26 11:56:29
       Mapping speed, Million of reads per hour |	221.33

                          Number of input reads |	1721432
                      Average input read length |	165
                                    UNIQUE READS:
                   Uniquely mapped reads number |	1530390
                        Uniquely mapped reads % |	88.90%
                          Average mapped length |	155.63
                       Number of splices: Total |	0
            Number of splices: Annotated (sjdb) |	0
                       Number of splices: GT/AG |	0
                       Number of splices: GC/AG |	0
                       Number of splices: AT/AC |	0
               Number of splices: Non-canonical |	0
                      Mismatch rate per base, % |	0.00%
                         Deletion rate per base |	0.01%
                        Deletion average length |	1.25
                        Insertion rate per base |	3.62%
                       Insertion average length |	3.00
                             MULTI-MAPPING READS:
        Number of reads mapped to multiple loci |	2544
             % of reads mapped to multiple loci |	0.15%
        Number of reads mapped to too many loci |	0
             % of reads mapped to too many loci |	0.00%
                                  UNMAPPED READS:
  Number of reads unmapped: too many mismatches |	0
       % of reads unmapped: too many mismatches |	0.00%
            Number of reads unmapped: too short |	188497
                 % of reads unmapped: too short |	10.95%
                Number of reads unmapped: other |	1
                     % of reads unmapped: other |	0.00%
                                  CHIMERIC READS:
                       Number of chimeric reads |	0
                            % of chimeric reads |	0.00%
