                                 Started job on |	Oct 26 18:26:21
                             Started mapping on |	Oct 26 18:26:24
                                    Finished on |	Oct 26 18:26:58
       Mapping speed, Million of reads per hour |	230.07

                          Number of input reads |	2172858
                      Average input read length |	165
                                    UNIQUE READS:
                   Uniquely mapped reads number |	1918184
                        Uniquely mapped reads % |	88.28%
                          Average mapped length |	155.40
                       Number of splices: Total |	1
            Number of splices: Annotated (sjdb) |	0
                       Number of splices: GT/AG |	0
                       Number of splices: GC/AG |	0
                       Number of splices: AT/AC |	0
               Number of splices: Non-canonical |	1
                      Mismatch rate per base, % |	0.00%
                         Deletion rate per base |	0.02%
                        Deletion average length |	1.90
                        Insertion rate per base |	3.62%
                       Insertion average length |	2.99
                             MULTI-MAPPING READS:
        Number of reads mapped to multiple loci |	4183
             % of reads mapped to multiple loci |	0.19%
        Number of reads mapped to too many loci |	0
             % of reads mapped to too many loci |	0.00%
                                  UNMAPPED READS:
  Number of reads unmapped: too many mismatches |	0
       % of reads unmapped: too many mismatches |	0.00%
            Number of reads unmapped: too short |	250490
                 % of reads unmapped: too short |	11.53%
                Number of reads unmapped: other |	1
                     % of reads unmapped: other |	0.00%
                                  CHIMERIC READS:
                       Number of chimeric reads |	0
                            % of chimeric reads |	0.00%
