                                 Started job on |	Oct 26 12:18:41
                             Started mapping on |	Oct 26 12:18:43
                                    Finished on |	Oct 26 12:19:38
       Mapping speed, Million of reads per hour |	248.18

                          Number of input reads |	3791587
                      Average input read length |	165
                                    UNIQUE READS:
                   Uniquely mapped reads number |	3392656
                        Uniquely mapped reads % |	89.48%
                          Average mapped length |	155.26
                       Number of splices: Total |	0
            Number of splices: Annotated (sjdb) |	0
                       Number of splices: GT/AG |	0
                       Number of splices: GC/AG |	0
                       Number of splices: AT/AC |	0
               Number of splices: Non-canonical |	0
                      Mismatch rate per base, % |	0.00%
                         Deletion rate per base |	0.02%
                        Deletion average length |	1.58
                        Insertion rate per base |	3.58%
                       Insertion average length |	2.99
                             MULTI-MAPPING READS:
        Number of reads mapped to multiple loci |	5121
             % of reads mapped to multiple loci |	0.14%
        Number of reads mapped to too many loci |	0
             % of reads mapped to too many loci |	0.00%
                                  UNMAPPED READS:
  Number of reads unmapped: too many mismatches |	0
       % of reads unmapped: too many mismatches |	0.00%
            Number of reads unmapped: too short |	393809
                 % of reads unmapped: too short |	10.39%
                Number of reads unmapped: other |	1
                     % of reads unmapped: other |	0.00%
                                  CHIMERIC READS:
                       Number of chimeric reads |	0
                            % of chimeric reads |	0.00%
