                                 Started job on |	Oct 26 11:35:55
                             Started mapping on |	Oct 26 11:35:58
                                    Finished on |	Oct 26 11:36:28
       Mapping speed, Million of reads per hour |	201.03

                          Number of input reads |	1675229
                      Average input read length |	165
                                    UNIQUE READS:
                   Uniquely mapped reads number |	1419770
                        Uniquely mapped reads % |	84.75%
                          Average mapped length |	154.25
                       Number of splices: Total |	1
            Number of splices: Annotated (sjdb) |	0
                       Number of splices: GT/AG |	1
                       Number of splices: GC/AG |	0
                       Number of splices: AT/AC |	0
               Number of splices: Non-canonical |	0
                      Mismatch rate per base, % |	0.00%
                         Deletion rate per base |	0.05%
                        Deletion average length |	1.28
                        Insertion rate per base |	3.62%
                       Insertion average length |	2.97
                             MULTI-MAPPING READS:
        Number of reads mapped to multiple loci |	3798
             % of reads mapped to multiple loci |	0.23%
        Number of reads mapped to too many loci |	0
             % of reads mapped to too many loci |	0.00%
                                  UNMAPPED READS:
  Number of reads unmapped: too many mismatches |	0
       % of reads unmapped: too many mismatches |	0.00%
            Number of reads unmapped: too short |	251660
                 % of reads unmapped: too short |	15.02%
                Number of reads unmapped: other |	1
                     % of reads unmapped: other |	0.00%
                                  CHIMERIC READS:
                       Number of chimeric reads |	0
                            % of chimeric reads |	0.00%
