                                 Started job on |	Oct 26 12:23:11
                             Started mapping on |	Oct 26 12:23:13
                                    Finished on |	Oct 26 12:23:53
       Mapping speed, Million of reads per hour |	227.00

                          Number of input reads |	2522185
                      Average input read length |	166
                                    UNIQUE READS:
                   Uniquely mapped reads number |	2272897
                        Uniquely mapped reads % |	90.12%
                          Average mapped length |	156.33
                       Number of splices: Total |	0
            Number of splices: Annotated (sjdb) |	0
                       Number of splices: GT/AG |	0
                       Number of splices: GC/AG |	0
                       Number of splices: AT/AC |	0
               Number of splices: Non-canonical |	0
                      Mismatch rate per base, % |	0.00%
                         Deletion rate per base |	0.01%
                        Deletion average length |	1.39
                        Insertion rate per base |	3.64%
                       Insertion average length |	3.00
                             MULTI-MAPPING READS:
        Number of reads mapped to multiple loci |	2885
             % of reads mapped to multiple loci |	0.11%
        Number of reads mapped to too many loci |	0
             % of reads mapped to too many loci |	0.00%
                                  UNMAPPED READS:
  Number of reads unmapped: too many mismatches |	0
       % of reads unmapped: too many mismatches |	0.00%
            Number of reads unmapped: too short |	246402
                 % of reads unmapped: too short |	9.77%
                Number of reads unmapped: other |	1
                     % of reads unmapped: other |	0.00%
                                  CHIMERIC READS:
                       Number of chimeric reads |	0
                            % of chimeric reads |	0.00%
