                                 Started job on |	Oct 26 18:06:55
                             Started mapping on |	Oct 26 18:06:57
                                    Finished on |	Oct 26 18:07:25
       Mapping speed, Million of reads per hour |	199.12

                          Number of input reads |	1548739
                      Average input read length |	165
                                    UNIQUE READS:
                   Uniquely mapped reads number |	1327546
                        Uniquely mapped reads % |	85.72%
                          Average mapped length |	154.86
                       Number of splices: Total |	0
            Number of splices: Annotated (sjdb) |	0
                       Number of splices: GT/AG |	0
                       Number of splices: GC/AG |	0
                       Number of splices: AT/AC |	0
               Number of splices: Non-canonical |	0
                      Mismatch rate per base, % |	0.00%
                         Deletion rate per base |	0.02%
                        Deletion average length |	1.34
                        Insertion rate per base |	3.61%
                       Insertion average length |	2.99
                             MULTI-MAPPING READS:
        Number of reads mapped to multiple loci |	5020
             % of reads mapped to multiple loci |	0.32%
        Number of reads mapped to too many loci |	0
             % of reads mapped to too many loci |	0.00%
                                  UNMAPPED READS:
  Number of reads unmapped: too many mismatches |	0
       % of reads unmapped: too many mismatches |	0.00%
            Number of reads unmapped: too short |	216173
                 % of reads unmapped: too short |	13.96%
                Number of reads unmapped: other |	0
                     % of reads unmapped: other |	0.00%
                                  CHIMERIC READS:
                       Number of chimeric reads |	0
                            % of chimeric reads |	0.00%
