                                 Started job on |	Oct 26 11:25:52
                             Started mapping on |	Oct 26 11:25:54
                                    Finished on |	Oct 26 11:26:29
       Mapping speed, Million of reads per hour |	191.05

                          Number of input reads |	1857450
                      Average input read length |	165
                                    UNIQUE READS:
                   Uniquely mapped reads number |	1587904
                        Uniquely mapped reads % |	85.49%
                          Average mapped length |	154.64
                       Number of splices: Total |	1
            Number of splices: Annotated (sjdb) |	0
                       Number of splices: GT/AG |	1
                       Number of splices: GC/AG |	0
                       Number of splices: AT/AC |	0
               Number of splices: Non-canonical |	0
                      Mismatch rate per base, % |	0.00%
                         Deletion rate per base |	0.04%
                        Deletion average length |	1.43
                        Insertion rate per base |	3.62%
                       Insertion average length |	2.98
                             MULTI-MAPPING READS:
        Number of reads mapped to multiple loci |	3815
             % of reads mapped to multiple loci |	0.21%
        Number of reads mapped to too many loci |	0
             % of reads mapped to too many loci |	0.00%
                                  UNMAPPED READS:
  Number of reads unmapped: too many mismatches |	0
       % of reads unmapped: too many mismatches |	0.00%
            Number of reads unmapped: too short |	265731
                 % of reads unmapped: too short |	14.31%
                Number of reads unmapped: other |	0
                     % of reads unmapped: other |	0.00%
                                  CHIMERIC READS:
                       Number of chimeric reads |	0
                            % of chimeric reads |	0.00%
