                                 Started job on |	Oct 26 20:02:16
                             Started mapping on |	Oct 26 20:02:19
                                    Finished on |	Oct 26 20:02:56
       Mapping speed, Million of reads per hour |	227.93

                          Number of input reads |	2342646
                      Average input read length |	165
                                    UNIQUE READS:
                   Uniquely mapped reads number |	2152193
                        Uniquely mapped reads % |	91.87%
                          Average mapped length |	155.89
                       Number of splices: Total |	0
            Number of splices: Annotated (sjdb) |	0
                       Number of splices: GT/AG |	0
                       Number of splices: GC/AG |	0
                       Number of splices: AT/AC |	0
               Number of splices: Non-canonical |	0
                      Mismatch rate per base, % |	0.00%
                         Deletion rate per base |	0.01%
                        Deletion average length |	1.69
                        Insertion rate per base |	3.58%
                       Insertion average length |	2.98
                             MULTI-MAPPING READS:
        Number of reads mapped to multiple loci |	3322
             % of reads mapped to multiple loci |	0.14%
        Number of reads mapped to too many loci |	0
             % of reads mapped to too many loci |	0.00%
                                  UNMAPPED READS:
  Number of reads unmapped: too many mismatches |	0
       % of reads unmapped: too many mismatches |	0.00%
            Number of reads unmapped: too short |	187131
                 % of reads unmapped: too short |	7.99%
                Number of reads unmapped: other |	0
                     % of reads unmapped: other |	0.00%
                                  CHIMERIC READS:
                       Number of chimeric reads |	0
                            % of chimeric reads |	0.00%
