                                 Started job on |	Oct 26 18:31:37
                             Started mapping on |	Oct 26 18:31:40
                                    Finished on |	Oct 26 18:32:29
       Mapping speed, Million of reads per hour |	219.31

                          Number of input reads |	2985006
                      Average input read length |	165
                                    UNIQUE READS:
                   Uniquely mapped reads number |	2601802
                        Uniquely mapped reads % |	87.16%
                          Average mapped length |	154.98
                       Number of splices: Total |	1
            Number of splices: Annotated (sjdb) |	0
                       Number of splices: GT/AG |	0
                       Number of splices: GC/AG |	0
                       Number of splices: AT/AC |	0
               Number of splices: Non-canonical |	1
                      Mismatch rate per base, % |	0.00%
                         Deletion rate per base |	0.02%
                        Deletion average length |	1.45
                        Insertion rate per base |	3.61%
                       Insertion average length |	2.99
                             MULTI-MAPPING READS:
        Number of reads mapped to multiple loci |	5770
             % of reads mapped to multiple loci |	0.19%
        Number of reads mapped to too many loci |	0
             % of reads mapped to too many loci |	0.00%
                                  UNMAPPED READS:
  Number of reads unmapped: too many mismatches |	0
       % of reads unmapped: too many mismatches |	0.00%
            Number of reads unmapped: too short |	377434
                 % of reads unmapped: too short |	12.64%
                Number of reads unmapped: other |	0
                     % of reads unmapped: other |	0.00%
                                  CHIMERIC READS:
                       Number of chimeric reads |	0
                            % of chimeric reads |	0.00%
