                                 Started job on |	Oct 26 12:15:09
                             Started mapping on |	Oct 26 12:15:11
                                    Finished on |	Oct 26 12:15:57
       Mapping speed, Million of reads per hour |	239.44

                          Number of input reads |	3059486
                      Average input read length |	165
                                    UNIQUE READS:
                   Uniquely mapped reads number |	2797389
                        Uniquely mapped reads % |	91.43%
                          Average mapped length |	156.26
                       Number of splices: Total |	0
            Number of splices: Annotated (sjdb) |	0
                       Number of splices: GT/AG |	0
                       Number of splices: GC/AG |	0
                       Number of splices: AT/AC |	0
               Number of splices: Non-canonical |	0
                      Mismatch rate per base, % |	0.00%
                         Deletion rate per base |	0.03%
                        Deletion average length |	1.40
                        Insertion rate per base |	3.63%
                       Insertion average length |	2.99
                             MULTI-MAPPING READS:
        Number of reads mapped to multiple loci |	5184
             % of reads mapped to multiple loci |	0.17%
        Number of reads mapped to too many loci |	0
             % of reads mapped to too many loci |	0.00%
                                  UNMAPPED READS:
  Number of reads unmapped: too many mismatches |	0
       % of reads unmapped: too many mismatches |	0.00%
            Number of reads unmapped: too short |	256913
                 % of reads unmapped: too short |	8.40%
                Number of reads unmapped: other |	0
                     % of reads unmapped: other |	0.00%
                                  CHIMERIC READS:
                       Number of chimeric reads |	0
                            % of chimeric reads |	0.00%
