                                 Started job on |	Oct 26 20:09:20
                             Started mapping on |	Oct 26 20:09:22
                                    Finished on |	Oct 26 20:09:45
       Mapping speed, Million of reads per hour |	203.51

                          Number of input reads |	1300171
                      Average input read length |	165
                                    UNIQUE READS:
                   Uniquely mapped reads number |	1176575
                        Uniquely mapped reads % |	90.49%
                          Average mapped length |	155.75
                       Number of splices: Total |	0
            Number of splices: Annotated (sjdb) |	0
                       Number of splices: GT/AG |	0
                       Number of splices: GC/AG |	0
                       Number of splices: AT/AC |	0
               Number of splices: Non-canonical |	0
                      Mismatch rate per base, % |	0.00%
                         Deletion rate per base |	0.01%
                        Deletion average length |	1.26
                        Insertion rate per base |	3.60%
                       Insertion average length |	2.99
                             MULTI-MAPPING READS:
        Number of reads mapped to multiple loci |	1931
             % of reads mapped to multiple loci |	0.15%
        Number of reads mapped to too many loci |	0
             % of reads mapped to too many loci |	0.00%
                                  UNMAPPED READS:
  Number of reads unmapped: too many mismatches |	0
       % of reads unmapped: too many mismatches |	0.00%
            Number of reads unmapped: too short |	121665
                 % of reads unmapped: too short |	9.36%
                Number of reads unmapped: other |	0
                     % of reads unmapped: other |	0.00%
                                  CHIMERIC READS:
                       Number of chimeric reads |	0
                            % of chimeric reads |	0.00%
