                                 Started job on |	Oct 26 11:31:23
                             Started mapping on |	Oct 26 11:31:25
                                    Finished on |	Oct 26 11:32:12
       Mapping speed, Million of reads per hour |	194.22

                          Number of input reads |	2535685
                      Average input read length |	165
                                    UNIQUE READS:
                   Uniquely mapped reads number |	2139721
                        Uniquely mapped reads % |	84.38%
                          Average mapped length |	154.30
                       Number of splices: Total |	0
            Number of splices: Annotated (sjdb) |	0
                       Number of splices: GT/AG |	0
                       Number of splices: GC/AG |	0
                       Number of splices: AT/AC |	0
               Number of splices: Non-canonical |	0
                      Mismatch rate per base, % |	0.00%
                         Deletion rate per base |	0.05%
                        Deletion average length |	1.30
                        Insertion rate per base |	3.61%
                       Insertion average length |	2.98
                             MULTI-MAPPING READS:
        Number of reads mapped to multiple loci |	5410
             % of reads mapped to multiple loci |	0.21%
        Number of reads mapped to too many loci |	0
             % of reads mapped to too many loci |	0.00%
                                  UNMAPPED READS:
  Number of reads unmapped: too many mismatches |	0
       % of reads unmapped: too many mismatches |	0.00%
            Number of reads unmapped: too short |	390554
                 % of reads unmapped: too short |	15.40%
                Number of reads unmapped: other |	0
                     % of reads unmapped: other |	0.00%
                                  CHIMERIC READS:
                       Number of chimeric reads |	0
                            % of chimeric reads |	0.00%
