                                 Started job on |	Oct 26 12:46:13
                             Started mapping on |	Oct 26 12:46:15
                                    Finished on |	Oct 26 12:47:06
       Mapping speed, Million of reads per hour |	219.93

                          Number of input reads |	3115675
                      Average input read length |	165
                                    UNIQUE READS:
                   Uniquely mapped reads number |	2709763
                        Uniquely mapped reads % |	86.97%
                          Average mapped length |	154.87
                       Number of splices: Total |	0
            Number of splices: Annotated (sjdb) |	0
                       Number of splices: GT/AG |	0
                       Number of splices: GC/AG |	0
                       Number of splices: AT/AC |	0
               Number of splices: Non-canonical |	0
                      Mismatch rate per base, % |	0.00%
                         Deletion rate per base |	0.03%
                        Deletion average length |	1.39
                        Insertion rate per base |	3.61%
                       Insertion average length |	2.99
                             MULTI-MAPPING READS:
        Number of reads mapped to multiple loci |	6409
             % of reads mapped to multiple loci |	0.21%
        Number of reads mapped to too many loci |	0
             % of reads mapped to too many loci |	0.00%
                                  UNMAPPED READS:
  Number of reads unmapped: too many mismatches |	0
       % of reads unmapped: too many mismatches |	0.00%
            Number of reads unmapped: too short |	399503
                 % of reads unmapped: too short |	12.82%
                Number of reads unmapped: other |	0
                     % of reads unmapped: other |	0.00%
                                  CHIMERIC READS:
                       Number of chimeric reads |	0
                            % of chimeric reads |	0.00%
