                                 Started job on |	Oct 26 11:52:30
                             Started mapping on |	Oct 26 11:52:32
                                    Finished on |	Oct 26 11:53:14
       Mapping speed, Million of reads per hour |	230.23

                          Number of input reads |	2686034
                      Average input read length |	165
                                    UNIQUE READS:
                   Uniquely mapped reads number |	2371857
                        Uniquely mapped reads % |	88.30%
                          Average mapped length |	155.08
                       Number of splices: Total |	0
            Number of splices: Annotated (sjdb) |	0
                       Number of splices: GT/AG |	0
                       Number of splices: GC/AG |	0
                       Number of splices: AT/AC |	0
               Number of splices: Non-canonical |	0
                      Mismatch rate per base, % |	0.00%
                         Deletion rate per base |	0.02%
                        Deletion average length |	1.51
                        Insertion rate per base |	3.59%
                       Insertion average length |	2.99
                             MULTI-MAPPING READS:
        Number of reads mapped to multiple loci |	4613
             % of reads mapped to multiple loci |	0.17%
        Number of reads mapped to too many loci |	0
             % of reads mapped to too many loci |	0.00%
                                  UNMAPPED READS:
  Number of reads unmapped: too many mismatches |	0
       % of reads unmapped: too many mismatches |	0.00%
            Number of reads unmapped: too short |	309564
                 % of reads unmapped: too short |	11.52%
                Number of reads unmapped: other |	0
                     % of reads unmapped: other |	0.00%
                                  CHIMERIC READS:
                       Number of chimeric reads |	0
                            % of chimeric reads |	0.00%
