                                 Started job on |	Oct 26 12:12:06
                             Started mapping on |	Oct 26 12:12:09
                                    Finished on |	Oct 26 12:12:54
       Mapping speed, Million of reads per hour |	248.35

                          Number of input reads |	3104430
                      Average input read length |	165
                                    UNIQUE READS:
                   Uniquely mapped reads number |	2867177
                        Uniquely mapped reads % |	92.36%
                          Average mapped length |	156.35
                       Number of splices: Total |	0
            Number of splices: Annotated (sjdb) |	0
                       Number of splices: GT/AG |	0
                       Number of splices: GC/AG |	0
                       Number of splices: AT/AC |	0
               Number of splices: Non-canonical |	0
                      Mismatch rate per base, % |	0.00%
                         Deletion rate per base |	0.01%
                        Deletion average length |	1.64
                        Insertion rate per base |	3.60%
                       Insertion average length |	2.98
                             MULTI-MAPPING READS:
        Number of reads mapped to multiple loci |	3510
             % of reads mapped to multiple loci |	0.11%
        Number of reads mapped to too many loci |	0
             % of reads mapped to too many loci |	0.00%
                                  UNMAPPED READS:
  Number of reads unmapped: too many mismatches |	0
       % of reads unmapped: too many mismatches |	0.00%
            Number of reads unmapped: too short |	233743
                 % of reads unmapped: too short |	7.53%
                Number of reads unmapped: other |	0
                     % of reads unmapped: other |	0.00%
                                  CHIMERIC READS:
                       Number of chimeric reads |	0
                            % of chimeric reads |	0.00%
